<?xml version="1.0" encoding="UTF-8"?>
<testng-results ignored="0" total="1" passed="0" failed="1" skipped="0">
  <reporter-output>
  </reporter-output>
  <suite started-at="2023-07-25T15:42:06 IST" name="Suite" finished-at="2023-07-25T15:42:26 IST" duration-ms="19789">
    <groups>
    </groups>
    <test started-at="2023-07-25T15:42:06 IST" name="Test" finished-at="2023-07-25T15:42:26 IST" duration-ms="19789">
      <class name="com.qa.testcases.LoginPageTest2">
        <test-method is-config="true" signature="setup()[pri:0, instance:com.qa.testcases.LoginPageTest2@4efcf8a]" started-at="2023-07-25T15:42:07 IST" name="setup" finished-at="2023-07-25T15:42:10 IST" duration-ms="3767" status="PASS">
          <reporter-output>
          </reporter-output>
        </test-method> <!-- setup -->
        <test-method signature="loginTest(java.lang.String,java.lang.String)[pri:1, instance:com.qa.testcases.LoginPageTest2@4efcf8a]" started-at="2023-07-25T15:42:11 IST" name="loginTest" data-provider="excelData" finished-at="2023-07-25T15:42:24 IST" duration-ms="12428" status="FAIL">
          <params>
            <param index="0">
              <value>
                <![CDATA[shivadevm@gmail.com
]]>
              </value>
            </param>
            <param index="1">
              <value>
                <![CDATA[Decimal@1]]>
              </value>
            </param>
          </params>
          <exception class="java.lang.ClassCastException">
            <message>
              <![CDATA[class org.openqa.selenium.remote.RemoteWebElement cannot be cast to class org.openqa.selenium.interactions.internal.Locatable (org.openqa.selenium.remote.RemoteWebElement and org.openqa.selenium.interactions.internal.Locatable are in unnamed module of loader 'app')]]>
            </message>
            <full-stacktrace>
              <![CDATA[java.lang.ClassCastException: class org.openqa.selenium.remote.RemoteWebElement cannot be cast to class org.openqa.selenium.interactions.internal.Locatable (org.openqa.selenium.remote.RemoteWebElement and org.openqa.selenium.interactions.internal.Locatable are in unnamed module of loader 'app')
at org.openqa.selenium.interactions.Actions.doubleClick(Actions.java:359)
at com.qa.pages.LoginPage2.login1(LoginPage2.java:91)
at com.qa.testcases.LoginPageTest2.loginTest(LoginPageTest2.java:43)
at java.base/jdk.internal.reflect.DirectMethodHandleAccessor.invoke(DirectMethodHandleAccessor.java:104)
at java.base/java.lang.reflect.Method.invoke(Method.java:577)
at org.testng.internal.invokers.MethodInvocationHelper.invokeMethod(MethodInvocationHelper.java:139)
at org.testng.internal.invokers.TestInvoker.invokeMethod(TestInvoker.java:677)
at org.testng.internal.invokers.TestInvoker.invokeTestMethod(TestInvoker.java:221)
at org.testng.internal.invokers.MethodRunner.runInSequence(MethodRunner.java:50)
at org.testng.internal.invokers.TestInvoker$MethodInvocationAgent.invoke(TestInvoker.java:969)
at org.testng.internal.invokers.TestInvoker.invokeTestMethods(TestInvoker.java:194)
at org.testng.internal.invokers.TestMethodWorker.invokeTestMethods(TestMethodWorker.java:148)
at org.testng.internal.invokers.TestMethodWorker.run(TestMethodWorker.java:128)
at java.base/java.util.ArrayList.forEach(ArrayList.java:1511)
at org.testng.TestRunner.privateRun(TestRunner.java:829)
at org.testng.TestRunner.run(TestRunner.java:602)
at org.testng.SuiteRunner.runTest(SuiteRunner.java:437)
at org.testng.SuiteRunner.runSequentially(SuiteRunner.java:431)
at org.testng.SuiteRunner.privateRun(SuiteRunner.java:391)
at org.testng.SuiteRunner.run(SuiteRunner.java:330)
at org.testng.SuiteRunnerWorker.runSuite(SuiteRunnerWorker.java:52)
at org.testng.SuiteRunnerWorker.run(SuiteRunnerWorker.java:95)
at org.testng.TestNG.runSuitesSequentially(TestNG.java:1256)
at org.testng.TestNG.runSuitesLocally(TestNG.java:1176)
at org.testng.TestNG.runSuites(TestNG.java:1099)
at org.testng.TestNG.run(TestNG.java:1067)
at org.testng.remote.AbstractRemoteTestNG.run(AbstractRemoteTestNG.java:115)
at org.testng.remote.RemoteTestNG.initAndRun(RemoteTestNG.java:251)
at org.testng.remote.RemoteTestNG.main(RemoteTestNG.java:77)
]]>
            </full-stacktrace>
          </exception> <!-- java.lang.ClassCastException -->
          <reporter-output>
          </reporter-output>
        </test-method> <!-- loginTest -->
        <test-method is-config="true" signature="tearDown()[pri:0, instance:com.qa.testcases.LoginPageTest2@4efcf8a]" started-at="2023-07-25T15:42:26 IST" name="tearDown" finished-at="2023-07-25T15:42:26 IST" duration-ms="262" status="PASS">
          <reporter-output>
          </reporter-output>
        </test-method> <!-- tearDown -->
      </class> <!-- com.qa.testcases.LoginPageTest2 -->
    </test> <!-- Test -->
  </suite> <!-- Suite -->
</testng-results>
